Build started 15/05/2015 5:30:09 p. m..
     1>Project "C:\Users\luis.velez\Documentos\APLICACIONES_MURO\Brain Computer Interface\BIOS_BCIAPPS_GUI\BUILD2010\apps\EPOC_GYRO_GUI\BCI_GUI.vcxproj" on node 2 (build target(s)).
     1>InitializeBuildStatus:
         Creating "BCI_GUI.dir\Release\BCI_GUI.unsuccessfulbuild" because "AlwaysCreate" was specified.
       CustomBuild:
         All outputs are up-to-date.
       ClCompile:
         C:\Program Files (x86)\Microsoft Visual Studio 10.0\VC\bin\CL.exe /c /IC:\Qt\4.8.4\include /IC:\Qt\4.8.4\include\QtOpenGL /IC:\Qt\4.8.4\include\phonon /IC:\Qt\4.8.4\include\QtMultimedia /IC:\Qt\4.8.4\include\QtGui /IC:\Qt\4.8.4\include\QtNetwork /IC:\Qt\4.8.4\include\QtCore /I"C:\Users\luis.velez\Documentos\APLICACIONES_MURO\Brain Computer Interface\BIOS_BCIAPPS_GUI\3rdparty\glut_3.7.6\include" /I"C:\Users\luis.velez\Documentos\APLICACIONES_MURO\Brain Computer Interface\BIOS_BCIAPPS_GUI\3rdparty\XavierSDK\include" /I"C:\Users\luis.velez\Documentos\APLICACIONES_MURO\Brain Computer Interface\BIOS_BCIAPPS_GUI\BUILD2010\apps\EPOC_GYRO_GUI" /nologo /W3 /WX- /O2 /Ob2 /Oy- /D WIN32 /D _WINDOWS /D NDEBUG /D QT_DLL /D QT_NO_DEBUG /D QT_OPENGL_LIB /D QT_PHONON_LIB /D QT_MULTIMEDIA_LIB /D QT_GUI_LIB /D QT_NETWORK_LIB /D QT_CORE_LIB /D "CMAKE_INTDIR=\"Release\"" /D _MBCS /Gm- /EHsc /MD /GS /fp:precise /Zc:wchar_t /Zc:forScope /GR /Fo"BCI_GUI.dir\Release\\" /Fd"BCI_GUI.dir\Release\vc100.pdb" /Gd /TP /analyze- /errorReport:prompt ..\..\..\apps\EPOC_GYRO_GUI\glwidget.cpp
         glwidget.cpp
       ResourceCompile:
         All outputs are up-to-date.
       Link:
         C:\Program Files (x86)\Microsoft Visual Studio 10.0\VC\bin\link.exe /ERRORREPORT:PROMPT /OUT:"C:\Users\luis.velez\Documentos\APLICACIONES_MURO\Brain Computer Interface\BIOS_BCIAPPS_GUI\BUILD2010\apps\EPOC_GYRO_GUI\Release\BCI_GUI.exe" /INCREMENTAL:NO /NOLOGO /LIBPATH:"C:/Users/luis.velez/Documentos/APLICACIONES_MURO/Brain Computer Interface/BIOS_BCIAPPS_GUI/3rdparty/XavierSDK/lib/x86" /LIBPATH:"C:/Users/luis.velez/Documentos/APLICACIONES_MURO/Brain Computer Interface/BIOS_BCIAPPS_GUI/3rdparty/XavierSDK/lib/x86/Release" kernel32.lib user32.lib gdi32.lib winspool.lib shell32.lib ole32.lib oleaut32.lib uuid.lib comdlg32.lib advapi32.lib C:\Qt\4.8.4\lib\QtOpenGL4.lib C:\Qt\4.8.4\lib\phonon4.lib C:\Qt\4.8.4\lib\QtMultimedia4.lib C:\Qt\4.8.4\lib\QtGui4.lib C:\Qt\4.8.4\lib\QtNetwork4.lib C:\Qt\4.8.4\lib\QtCore4.lib ..\..\..\3rdparty\glut_3.7.6\lib\glut32.lib edk.lib C:\Qt\4.8.4\lib\qtmain.lib /MANIFEST /ManifestFile:"BCI_GUI.dir\Release\BCI_GUI.exe.intermediate.manifest" /MANIFESTUAC:"level='asInvoker' uiAccess='false'" /PDB:"C:/Users/luis.velez/Documentos/APLICACIONES_MURO/Brain Computer Interface/BIOS_BCIAPPS_GUI/BUILD2010/apps/EPOC_GYRO_GUI/Release/BCI_GUI.pdb" /SUBSYSTEM:WINDOWS /TLBID:1 /DYNAMICBASE /NXCOMPAT /IMPLIB:"C:/Users/luis.velez/Documentos/APLICACIONES_MURO/Brain Computer Interface/BIOS_BCIAPPS_GUI/BUILD2010/apps/EPOC_GYRO_GUI/Release/BCI_GUI.lib" /MACHINE:X86 BCI_GUI.dir\Release\BCI_setIcon.res
         BCI_GUI.dir\Release\BCI_mainWindow.obj
         BCI_GUI.dir\Release\glwidget.obj
         BCI_GUI.dir\Release\main.obj
         BCI_GUI.dir\Release\moc_BCI_mainWindow.obj
         BCI_GUI.dir\Release\moc_glwidget.obj
         BCI_GUI.dir\Release\qrc_qplayer.obj  /machine:X86 
         BCI_GUI.vcxproj -> C:\Users\luis.velez\Documentos\APLICACIONES_MURO\Brain Computer Interface\BIOS_BCIAPPS_GUI\BUILD2010\apps\EPOC_GYRO_GUI\Release\BCI_GUI.exe
       Manifest:
         C:\Program Files (x86)\Microsoft SDKs\Windows\v7.0A\bin\mt.exe /nologo /verbose /outputresource:"C:\Users\luis.velez\Documentos\APLICACIONES_MURO\Brain Computer Interface\BIOS_BCIAPPS_GUI\BUILD2010\apps\EPOC_GYRO_GUI\Release\BCI_GUI.exe;#1" /manifest BCI_GUI.dir\Release\BCI_GUI.exe.intermediate.manifest
       FinalizeBuildStatus:
         Deleting file "BCI_GUI.dir\Release\BCI_GUI.unsuccessfulbuild".
         Touching "BCI_GUI.dir\Release\BCI_GUI.lastbuildstate".
     1>Done Building Project "C:\Users\luis.velez\Documentos\APLICACIONES_MURO\Brain Computer Interface\BIOS_BCIAPPS_GUI\BUILD2010\apps\EPOC_GYRO_GUI\BCI_GUI.vcxproj" (build target(s)).

Build succeeded.

Time Elapsed 00:00:01.49
